<?xml version="1.0" encoding="UTF-8"?>
<!-- Generated by org.testng.reporters.JUnitReportReporter -->
<testsuite hostname="RainBow" failures="0" tests="4" name="com.rubyonrails.qa.test.HomePageTest" time="12.154" errors="0" timestamp="09 Feb 2020 22:34:04 GMT" skipped="0">
  <testcase classname="com.rubyonrails.qa.test.HomePageTest" name="checkBrokenLinksTest" time="12.029"/>
  <testcase classname="com.rubyonrails.qa.test.HomePageTest" name="validateTitleTest" time="0.015"/>
  <testcase classname="com.rubyonrails.qa.test.HomePageTest" name="logoDisplayTest" time="0.056"/>
  <testcase classname="com.rubyonrails.qa.test.HomePageTest" name="footerLogoTest" time="0.054"/>
</testsuite> <!-- com.rubyonrails.qa.test.HomePageTest -->
