<?xml version="1.0" encoding="UTF-8"?>
<!-- Generated by org.testng.reporters.JUnitReportReporter -->
<testsuite hostname="RainBow" failures="0" tests="1" name="com.rubyonrails.qa.test.YoutubeVideoTest" time="8.484" errors="0" timestamp="09 Feb 2020 20:28:47 GMT" skipped="0">
  <testcase classname="com.rubyonrails.qa.test.YoutubeVideoTest" name="setup" time="8.484"/>
</testsuite> <!-- com.rubyonrails.qa.test.YoutubeVideoTest -->
