<?xml version="1.0" encoding="UTF-8"?>
<!-- Generated by org.testng.reporters.JUnitReportReporter -->
<testsuite hostname="RainBow" failures="0" tests="4" name="com.rubyonrails.qa.test.APIpagesTest" time="5.367" errors="0" timestamp="08 Feb 2020 02:55:08 GMT" skipped="0">
  <testcase classname="com.rubyonrails.qa.test.APIpagesTest" name="clickOnAPITest" time="3.842"/>
  <testcase classname="com.rubyonrails.qa.test.APIpagesTest" name="clickOnActionControllerTest" time="0.285"/>
  <testcase classname="com.rubyonrails.qa.test.APIpagesTest" name="clickOnAbstractControllerTest" time="0.265"/>
  <testcase classname="com.rubyonrails.qa.test.APIpagesTest" name="searchTest" time="0.975"/>
</testsuite> <!-- com.rubyonrails.qa.test.APIpagesTest -->
