<?xml version="1.0" encoding="UTF-8"?>
<!-- Generated by org.testng.reporters.JUnitReportReporter -->
<testsuite hostname="RainBow" failures="0" tests="2" name="com.rubyonrails.qa.test.ContributeToGitPagesTest" time="4.532" errors="0" timestamp="09 Feb 2020 22:34:04 GMT" skipped="0">
  <testcase classname="com.rubyonrails.qa.test.ContributeToGitPagesTest" name="validateTitleTest" time="0.093"/>
  <testcase classname="com.rubyonrails.qa.test.ContributeToGitPagesTest" name="clickOnContributeToGitTest" time="4.439"/>
</testsuite> <!-- com.rubyonrails.qa.test.ContributeToGitPagesTest -->
