<?xml version="1.0" encoding="UTF-8"?>
<!-- Generated by org.testng.reporters.JUnitReportReporter -->
<testsuite hostname="RainBow" failures="0" tests="5" name="com.rubyonrails.qa.test.APIpagesTest" time="9.946" errors="0" timestamp="09 Feb 2020 22:34:04 GMT" skipped="0">
  <testcase classname="com.rubyonrails.qa.test.APIpagesTest" name="clickOnAPITest" time="1.344"/>
  <testcase classname="com.rubyonrails.qa.test.APIpagesTest" name="checkBrokenLinksTest" time="6.198"/>
  <testcase classname="com.rubyonrails.qa.test.APIpagesTest" name="clickOnActionControllerTest" time="0.299"/>
  <testcase classname="com.rubyonrails.qa.test.APIpagesTest" name="clickOnAbstractControllerTest" time="0.288"/>
  <testcase classname="com.rubyonrails.qa.test.APIpagesTest" name="searchTest" time="1.817"/>
</testsuite> <!-- com.rubyonrails.qa.test.APIpagesTest -->
