<?xml version="1.0" encoding="UTF-8"?>
<!-- Generated by org.testng.reporters.JUnitReportReporter -->
<testsuite hostname="RainBow" failures="0" tests="6" name="com.rubyonrails.qa.test.BlogsPageTest" time="8.694" errors="0" timestamp="09 Feb 2020 22:34:04 GMT" skipped="1">
  <testcase classname="com.rubyonrails.qa.test.BlogsPageTest" name="clickOnBlogTest" time="0.815"/>
  <testcase classname="com.rubyonrails.qa.test.BlogsPageTest" name="clickOnContributorsToRailsTest" time="0.626"/>
  <testcase classname="com.rubyonrails.qa.test.BlogsPageTest" name="clickOnThisWeekTest" time="0.197"/>
  <testcase classname="com.rubyonrails.qa.test.BlogsPageTest" name="tableTitleTest" time="0.113"/>
  <testcase classname="com.rubyonrails.qa.test.BlogsPageTest" name="displayTableContentsTest" time="6.943"/>
  <testcase classname="com.rubyonrails.qa.test.BlogsPageTest" name="checkBrokenLinksTest">
    <skipped/>
  </testcase> <!-- checkBrokenLinksTest -->
</testsuite> <!-- com.rubyonrails.qa.test.BlogsPageTest -->
